<?xml version="1.0" encoding="UTF-8"?>
<!-- Generated by org.testng.reporters.JUnitReportReporter -->
<testsuite hostname="DESKTOP-C2I0Q31" failures="0" tests="3" name="com.pa.qa.testcases.HomePageTest" time="176.655" errors="0" timestamp="16 Feb 2020 05:55:29 GMT" skipped="0">
  <testcase classname="com.pa.qa.testcases.HomePageTest" name="HomePageSlidesTest" time="57.579"/>
  <testcase classname="com.pa.qa.testcases.HomePageTest" name="HomePageArrivalsTest" time="52.689"/>
  <testcase classname="com.pa.qa.testcases.HomePageTest" name="HomePageNewArrivalsNavigateTest" time="66.387"/>
</testsuite> <!-- com.pa.qa.testcases.HomePageTest -->
